#
# There is insufficient memory for the Java Runtime Environment to continue.
# Native memory allocation (malloc) failed to allocate 32744 bytes for ChunkPool::allocate
# Possible reasons:
#   The system is out of physical RAM or swap space
#   The process is running with CompressedOops enabled, and the Java Heap may be blocking the growth of the native heap
# Possible solutions:
#   Reduce memory load on the system
#   Increase physical memory or swap space
#   Check if swap backing store is full
#   Decrease Java heap size (-Xmx/-Xms)
#   Decrease number of Java threads
#   Decrease Java thread stack sizes (-Xss)
#   Set larger code cache with -XX:ReservedCodeCacheSize=
#   JVM is running with Unscaled Compressed Oops mode in which the Java heap is
#     placed in the first 4GB address space. The Java Heap base address is the
#     maximum limit for the native heap growth. Please use -XX:HeapBaseMinAddress
#     to set the Java Heap base and to place the Java Heap above 4GB virtual address.
# This output file may be truncated or incomplete.
#
#  Out of Memory Error (arena.cpp:78), pid=8952, tid=132
#
# JRE version: OpenJDK Runtime Environment Corretto-17.0.8.8.1 (17.0.8.1+8) (build 17.0.8.1+8-LTS)
# Java VM: OpenJDK 64-Bit Server VM Corretto-17.0.8.8.1 (17.0.8.1+8-LTS, mixed mode, sharing, tiered, compressed oops, compressed class ptrs, g1 gc, windows-amd64)
# No core dump will be written. Minidumps are not enabled by default on client versions of Windows
#

---------------  S U M M A R Y ------------

Command Line: -Dorg.gradle.internal.worker.tmpdir=C:\Users\trade\coding\java_univ\java_d_lab\build\tmp\test\work -Dorg.gradle.native=false --add-opens=java.base/java.util=ALL-UNNAMED --add-opens=java.base/java.lang=ALL-UNNAMED -Xmx512m -Dfile.encoding=windows-1252 -Duser.country=US -Duser.language=en -Duser.variant -ea worker.org.gradle.process.internal.worker.GradleWorkerMain 'Gradle Test Executor 1'

Host: Intel(R) Core(TM) i5-2500K CPU @ 3.30GHz, 4 cores, 3G,  Windows 10 , 64 bit Build 19041 (10.0.19041.3636)
Time: Thu Dec  7 20:26:48 2023 FLE Standard Time elapsed time: 1.212845 seconds (0d 0h 0m 1s)

---------------  T H R E A D  ---------------

Current thread (0x000001dc4d9fea10):  JavaThread "C1 CompilerThread0" daemon [_thread_in_native, id=132, stack(0x0000005dc8e00000,0x0000005dc8f00000)]


Current CompileTask:
C1:   1213  971       3       java.net.URLStreamHandler::parseURL (1201 bytes)

Stack: [0x0000005dc8e00000,0x0000005dc8f00000]
Native frames: (J=compiled Java code, j=interpreted, Vv=VM code, C=native code)
V  [jvm.dll+0x64c9da]
V  [jvm.dll+0x800834]
V  [jvm.dll+0x801fee]
V  [jvm.dll+0x802643]
V  [jvm.dll+0x23715b]
V  [jvm.dll+0xbd7c8]
V  [jvm.dll+0xbdb8c]
V  [jvm.dll+0x116336]
V  [jvm.dll+0x171694]
V  [jvm.dll+0x171c83]
V  [jvm.dll+0x12eb23]
V  [jvm.dll+0x12e3ef]
V  [jvm.dll+0x12e625]
V  [jvm.dll+0x12da15]
V  [jvm.dll+0x12f736]
V  [jvm.dll+0x219b5d]
V  [jvm.dll+0x217cbb]
V  [jvm.dll+0x7b94bb]
V  [jvm.dll+0x7b392a]
V  [jvm.dll+0x64b845]
C  [ucrtbase.dll+0x21bb2]
C  [KERNEL32.DLL+0x17344]
C  [ntdll.dll+0x526b1]


---------------  P R O C E S S  ---------------

Threads class SMR info:
_java_thread_list=0x000001dc6c582c20, length=15, elements={
0x000001dc4d933650, 0x000001dc4d9dd250, 0x000001dc4d9ddfe0, 0x000001dc4d9f53c0,
0x000001dc4d9f7da0, 0x000001dc4d9f9680, 0x000001dc4d9f9f50, 0x000001dc4d9fe050,
0x000001dc4d9fea10, 0x000001dc67bbb400, 0x000001dc6c061590, 0x000001dc6c0642b0,
0x000001dc6c564a70, 0x000001dc6c5ad930, 0x000001dc6c5b3020
}

Java Threads: ( => current thread )
  0x000001dc4d933650 JavaThread "Test worker" [_thread_in_vm, id=10312, stack(0x0000005dc8000000,0x0000005dc8100000)]
  0x000001dc4d9dd250 JavaThread "Reference Handler" daemon [_thread_blocked, id=14208, stack(0x0000005dc8700000,0x0000005dc8800000)]
  0x000001dc4d9ddfe0 JavaThread "Finalizer" daemon [_thread_blocked, id=13068, stack(0x0000005dc8800000,0x0000005dc8900000)]
  0x000001dc4d9f53c0 JavaThread "Signal Dispatcher" daemon [_thread_blocked, id=6084, stack(0x0000005dc8900000,0x0000005dc8a00000)]
  0x000001dc4d9f7da0 JavaThread "Attach Listener" daemon [_thread_blocked, id=14244, stack(0x0000005dc8a00000,0x0000005dc8b00000)]
  0x000001dc4d9f9680 JavaThread "Service Thread" daemon [_thread_blocked, id=13860, stack(0x0000005dc8b00000,0x0000005dc8c00000)]
  0x000001dc4d9f9f50 JavaThread "Monitor Deflation Thread" daemon [_thread_blocked, id=9472, stack(0x0000005dc8c00000,0x0000005dc8d00000)]
  0x000001dc4d9fe050 JavaThread "C2 CompilerThread0" daemon [_thread_in_native, id=5096, stack(0x0000005dc8d00000,0x0000005dc8e00000)]
=>0x000001dc4d9fea10 JavaThread "C1 CompilerThread0" daemon [_thread_in_native, id=132, stack(0x0000005dc8e00000,0x0000005dc8f00000)]
  0x000001dc67bbb400 JavaThread "Sweeper thread" daemon [_thread_blocked, id=4508, stack(0x0000005dc8f00000,0x0000005dc9000000)]
  0x000001dc6c061590 JavaThread "Common-Cleaner" daemon [_thread_blocked, id=5220, stack(0x0000005dc9000000,0x0000005dc9100000)]
  0x000001dc6c0642b0 JavaThread "Notification Thread" daemon [_thread_blocked, id=4000, stack(0x0000005dc9100000,0x0000005dc9200000)]
  0x000001dc6c564a70 JavaThread "/127.0.0.1:51318 to /127.0.0.1:51317 workers" [_thread_blocked, id=6600, stack(0x0000005dc9400000,0x0000005dc9500000)]
  0x000001dc6c5ad930 JavaThread "/127.0.0.1:51318 to /127.0.0.1:51317 workers Thread 2" [_thread_blocked, id=8252, stack(0x0000005dc9a00000,0x0000005dc9b00000)]
  0x000001dc6c5b3020 JavaThread "/127.0.0.1:51318 to /127.0.0.1:51317 workers Thread 3" [_thread_in_native, id=1520, stack(0x0000005dc9b00000,0x0000005dc9c00000)]

Other Threads:
  0x000001dc4d9da720 VMThread "VM Thread" [stack: 0x0000005dc8600000,0x0000005dc8700000] [id=14500]
  0x000001dc4d96e260 WatcherThread [stack: 0x0000005dc9200000,0x0000005dc9300000] [id=13548]
  0x000001dc4d961330 GCTaskThread "GC Thread#0" [stack: 0x0000005dc8100000,0x0000005dc8200000] [id=1888]
  0x000001dc6c5ddb40 GCTaskThread "GC Thread#1" [stack: 0x0000005dc9500000,0x0000005dc9600000] [id=13196]
  0x000001dc6c5a9390 GCTaskThread "GC Thread#2" [stack: 0x0000005dc9600000,0x0000005dc9700000] [id=14148]
  0x000001dc6c5a9650 GCTaskThread "GC Thread#3" [stack: 0x0000005dc9700000,0x0000005dc9800000] [id=4724]
  0x000001dc4d9669d0 ConcurrentGCThread "G1 Main Marker" [stack: 0x0000005dc8200000,0x0000005dc8300000] [id=5796]
  0x000001dc4d9672f0 ConcurrentGCThread "G1 Conc#0" [stack: 0x0000005dc8300000,0x0000005dc8400000] [id=2260]
  0x000001dc4d9b9350 ConcurrentGCThread "G1 Refine#0" [stack: 0x0000005dc8400000,0x0000005dc8500000] [id=14740]
  0x000001dc6c13bfc0 ConcurrentGCThread "G1 Refine#1" [stack: 0x0000005dc9800000,0x0000005dc9900000] [id=14056]
  0x000001dc6c13cad0 ConcurrentGCThread "G1 Refine#2" [stack: 0x0000005dc9900000,0x0000005dc9a00000] [id=6700]
  0x000001dc4d9b9c90 ConcurrentGCThread "G1 Service" [stack: 0x0000005dc8500000,0x0000005dc8600000] [id=15068]

Threads with active compile tasks:
C2 CompilerThread0     1258  972       4       java.lang.StringLatin1::indexOf (121 bytes)
C1 CompilerThread0     1258  971       3       java.net.URLStreamHandler::parseURL (1201 bytes)

VM state: not at safepoint (normal execution)

VM Mutex/Monitor currently owned by a thread:  ([mutex/lock_event])
[0x000001dc4d92cbe0] Metaspace_lock - owner thread: 0x000001dc4d933650

Heap address: 0x00000000e0000000, size: 512 MB, Compressed Oops mode: 32-bit

CDS archive(s) mapped at: [0x000001dc00000000-0x000001dc00bd0000-0x000001dc00bd0000), size 12386304, SharedBaseAddress: 0x000001dc00000000, ArchiveRelocationMode: 1.
Compressed class space mapped at: 0x000001dc01000000-0x000001dc41000000, reserved size: 1073741824
Narrow klass base: 0x000001dc00000000, Narrow klass shift: 0, Narrow klass range: 0x100000000

GC Precious Log:
 CPUs: 4 total, 4 available
 Memory: 4060M
 Large Page Support: Disabled
 NUMA Support: Disabled
 Compressed Oops: Enabled (32-bit)
 Heap Region Size: 1M
 Heap Min Capacity: 8M
 Heap Initial Capacity: 64M
 Heap Max Capacity: 512M
 Pre-touch: Disabled
 Parallel Workers: 4
 Concurrent Workers: 1
 Concurrent Refinement Workers: 4
 Periodic GC: Disabled

Heap:
 garbage-first heap   total 65536K, used 6674K [0x00000000e0000000, 0x0000000100000000)
  region size 1024K, 5 young (5120K), 2 survivors (2048K)
 Metaspace       used 5600K, committed 5760K, reserved 1114112K
  class space    used 701K, committed 768K, reserved 1048576K

Heap Regions: E=young(eden), S=young(survivor), O=old, HS=humongous(starts), HC=humongous(continues), CS=collection set, F=free, OA=open archive, CA=closed archive, TAMS=top-at-mark-start (previous, next)
|   0|0x00000000e0000000, 0x00000000e0100000, 0x00000000e0100000|100%| O|  |TAMS 0x00000000e0000000, 0x00000000e0000000| Untracked 
|   1|0x00000000e0100000, 0x00000000e0200000, 0x00000000e0200000|100%| O|  |TAMS 0x00000000e0100000, 0x00000000e0100000| Untracked 
|   2|0x00000000e0200000, 0x00000000e0284a00, 0x00000000e0300000| 51%| O|  |TAMS 0x00000000e0200000, 0x00000000e0200000| Untracked 
|   3|0x00000000e0300000, 0x00000000e0300000, 0x00000000e0400000|  0%| F|  |TAMS 0x00000000e0300000, 0x00000000e0300000| Untracked 
|   4|0x00000000e0400000, 0x00000000e0400000, 0x00000000e0500000|  0%| F|  |TAMS 0x00000000e0400000, 0x00000000e0400000| Untracked 
|   5|0x00000000e0500000, 0x00000000e0500000, 0x00000000e0600000|  0%| F|  |TAMS 0x00000000e0500000, 0x00000000e0500000| Untracked 
|   6|0x00000000e0600000, 0x00000000e0600000, 0x00000000e0700000|  0%| F|  |TAMS 0x00000000e0600000, 0x00000000e0600000| Untracked 
|   7|0x00000000e0700000, 0x00000000e0700000, 0x00000000e0800000|  0%| F|  |TAMS 0x00000000e0700000, 0x00000000e0700000| Untracked 
|   8|0x00000000e0800000, 0x00000000e0800000, 0x00000000e0900000|  0%| F|  |TAMS 0x00000000e0800000, 0x00000000e0800000| Untracked 
|   9|0x00000000e0900000, 0x00000000e0900000, 0x00000000e0a00000|  0%| F|  |TAMS 0x00000000e0900000, 0x00000000e0900000| Untracked 
|  10|0x00000000e0a00000, 0x00000000e0a00000, 0x00000000e0b00000|  0%| F|  |TAMS 0x00000000e0a00000, 0x00000000e0a00000| Untracked 
|  11|0x00000000e0b00000, 0x00000000e0b00000, 0x00000000e0c00000|  0%| F|  |TAMS 0x00000000e0b00000, 0x00000000e0b00000| Untracked 
|  12|0x00000000e0c00000, 0x00000000e0c00000, 0x00000000e0d00000|  0%| F|  |TAMS 0x00000000e0c00000, 0x00000000e0c00000| Untracked 
|  13|0x00000000e0d00000, 0x00000000e0d00000, 0x00000000e0e00000|  0%| F|  |TAMS 0x00000000e0d00000, 0x00000000e0d00000| Untracked 
|  14|0x00000000e0e00000, 0x00000000e0e00000, 0x00000000e0f00000|  0%| F|  |TAMS 0x00000000e0e00000, 0x00000000e0e00000| Untracked 
|  15|0x00000000e0f00000, 0x00000000e0f00000, 0x00000000e1000000|  0%| F|  |TAMS 0x00000000e0f00000, 0x00000000e0f00000| Untracked 
|  16|0x00000000e1000000, 0x00000000e1000000, 0x00000000e1100000|  0%| F|  |TAMS 0x00000000e1000000, 0x00000000e1000000| Untracked 
|  17|0x00000000e1100000, 0x00000000e1100000, 0x00000000e1200000|  0%| F|  |TAMS 0x00000000e1100000, 0x00000000e1100000| Untracked 
|  18|0x00000000e1200000, 0x00000000e1200000, 0x00000000e1300000|  0%| F|  |TAMS 0x00000000e1200000, 0x00000000e1200000| Untracked 
|  19|0x00000000e1300000, 0x00000000e1300000, 0x00000000e1400000|  0%| F|  |TAMS 0x00000000e1300000, 0x00000000e1300000| Untracked 
|  20|0x00000000e1400000, 0x00000000e1400000, 0x00000000e1500000|  0%| F|  |TAMS 0x00000000e1400000, 0x00000000e1400000| Untracked 
|  21|0x00000000e1500000, 0x00000000e1500000, 0x00000000e1600000|  0%| F|  |TAMS 0x00000000e1500000, 0x00000000e1500000| Untracked 
|  22|0x00000000e1600000, 0x00000000e1600000, 0x00000000e1700000|  0%| F|  |TAMS 0x00000000e1600000, 0x00000000e1600000| Untracked 
|  23|0x00000000e1700000, 0x00000000e1700000, 0x00000000e1800000|  0%| F|  |TAMS 0x00000000e1700000, 0x00000000e1700000| Untracked 
|  24|0x00000000e1800000, 0x00000000e1800000, 0x00000000e1900000|  0%| F|  |TAMS 0x00000000e1800000, 0x00000000e1800000| Untracked 
|  25|0x00000000e1900000, 0x00000000e1900000, 0x00000000e1a00000|  0%| F|  |TAMS 0x00000000e1900000, 0x00000000e1900000| Untracked 
|  26|0x00000000e1a00000, 0x00000000e1a00000, 0x00000000e1b00000|  0%| F|  |TAMS 0x00000000e1a00000, 0x00000000e1a00000| Untracked 
|  27|0x00000000e1b00000, 0x00000000e1b00000, 0x00000000e1c00000|  0%| F|  |TAMS 0x00000000e1b00000, 0x00000000e1b00000| Untracked 
|  28|0x00000000e1c00000, 0x00000000e1c00000, 0x00000000e1d00000|  0%| F|  |TAMS 0x00000000e1c00000, 0x00000000e1c00000| Untracked 
|  29|0x00000000e1d00000, 0x00000000e1d00000, 0x00000000e1e00000|  0%| F|  |TAMS 0x00000000e1d00000, 0x00000000e1d00000| Untracked 
|  30|0x00000000e1e00000, 0x00000000e1e00000, 0x00000000e1f00000|  0%| F|  |TAMS 0x00000000e1e00000, 0x00000000e1e00000| Untracked 
|  31|0x00000000e1f00000, 0x00000000e1f00000, 0x00000000e2000000|  0%| F|  |TAMS 0x00000000e1f00000, 0x00000000e1f00000| Untracked 
|  32|0x00000000e2000000, 0x00000000e2000000, 0x00000000e2100000|  0%| F|  |TAMS 0x00000000e2000000, 0x00000000e2000000| Untracked 
|  33|0x00000000e2100000, 0x00000000e2100000, 0x00000000e2200000|  0%| F|  |TAMS 0x00000000e2100000, 0x00000000e2100000| Untracked 
|  34|0x00000000e2200000, 0x00000000e2200000, 0x00000000e2300000|  0%| F|  |TAMS 0x00000000e2200000, 0x00000000e2200000| Untracked 
|  35|0x00000000e2300000, 0x00000000e2300000, 0x00000000e2400000|  0%| F|  |TAMS 0x00000000e2300000, 0x00000000e2300000| Untracked 
|  36|0x00000000e2400000, 0x00000000e2400000, 0x00000000e2500000|  0%| F|  |TAMS 0x00000000e2400000, 0x00000000e2400000| Untracked 
|  37|0x00000000e2500000, 0x00000000e2500000, 0x00000000e2600000|  0%| F|  |TAMS 0x00000000e2500000, 0x00000000e2500000| Untracked 
|  38|0x00000000e2600000, 0x00000000e2600000, 0x00000000e2700000|  0%| F|  |TAMS 0x00000000e2600000, 0x00000000e2600000| Untracked 
|  39|0x00000000e2700000, 0x00000000e2700000, 0x00000000e2800000|  0%| F|  |TAMS 0x00000000e2700000, 0x00000000e2700000| Untracked 
|  40|0x00000000e2800000, 0x00000000e2800000, 0x00000000e2900000|  0%| F|  |TAMS 0x00000000e2800000, 0x00000000e2800000| Untracked 
|  41|0x00000000e2900000, 0x00000000e2900000, 0x00000000e2a00000|  0%| F|  |TAMS 0x00000000e2900000, 0x00000000e2900000| Untracked 
|  42|0x00000000e2a00000, 0x00000000e2a00000, 0x00000000e2b00000|  0%| F|  |TAMS 0x00000000e2a00000, 0x00000000e2a00000| Untracked 
|  43|0x00000000e2b00000, 0x00000000e2b00000, 0x00000000e2c00000|  0%| F|  |TAMS 0x00000000e2b00000, 0x00000000e2b00000| Untracked 
|  44|0x00000000e2c00000, 0x00000000e2c00000, 0x00000000e2d00000|  0%| F|  |TAMS 0x00000000e2c00000, 0x00000000e2c00000| Untracked 
|  45|0x00000000e2d00000, 0x00000000e2d00000, 0x00000000e2e00000|  0%| F|  |TAMS 0x00000000e2d00000, 0x00000000e2d00000| Untracked 
|  46|0x00000000e2e00000, 0x00000000e2e00000, 0x00000000e2f00000|  0%| F|  |TAMS 0x00000000e2e00000, 0x00000000e2e00000| Untracked 
|  47|0x00000000e2f00000, 0x00000000e2f00000, 0x00000000e3000000|  0%| F|  |TAMS 0x00000000e2f00000, 0x00000000e2f00000| Untracked 
|  48|0x00000000e3000000, 0x00000000e3000000, 0x00000000e3100000|  0%| F|  |TAMS 0x00000000e3000000, 0x00000000e3000000| Untracked 
|  49|0x00000000e3100000, 0x00000000e3200000, 0x00000000e3200000|100%| S|CS|TAMS 0x00000000e3100000, 0x00000000e3100000| Complete 
|  50|0x00000000e3200000, 0x00000000e3300000, 0x00000000e3300000|100%| S|CS|TAMS 0x00000000e3200000, 0x00000000e3200000| Complete 
|  51|0x00000000e3300000, 0x00000000e3300000, 0x00000000e3400000|  0%| F|  |TAMS 0x00000000e3300000, 0x00000000e3300000| Untracked 
|  52|0x00000000e3400000, 0x00000000e3400000, 0x00000000e3500000|  0%| F|  |TAMS 0x00000000e3400000, 0x00000000e3400000| Untracked 
|  53|0x00000000e3500000, 0x00000000e3500000, 0x00000000e3600000|  0%| F|  |TAMS 0x00000000e3500000, 0x00000000e3500000| Untracked 
|  54|0x00000000e3600000, 0x00000000e3600000, 0x00000000e3700000|  0%| F|  |TAMS 0x00000000e3600000, 0x00000000e3600000| Untracked 
|  55|0x00000000e3700000, 0x00000000e3700000, 0x00000000e3800000|  0%| F|  |TAMS 0x00000000e3700000, 0x00000000e3700000| Untracked 
|  56|0x00000000e3800000, 0x00000000e3800000, 0x00000000e3900000|  0%| F|  |TAMS 0x00000000e3800000, 0x00000000e3800000| Untracked 
|  57|0x00000000e3900000, 0x00000000e3900000, 0x00000000e3a00000|  0%| F|  |TAMS 0x00000000e3900000, 0x00000000e3900000| Untracked 
|  58|0x00000000e3a00000, 0x00000000e3a00000, 0x00000000e3b00000|  0%| F|  |TAMS 0x00000000e3a00000, 0x00000000e3a00000| Untracked 
|  59|0x00000000e3b00000, 0x00000000e3b00000, 0x00000000e3c00000|  0%| F|  |TAMS 0x00000000e3b00000, 0x00000000e3b00000| Untracked 
|  60|0x00000000e3c00000, 0x00000000e3c00000, 0x00000000e3d00000|  0%| F|  |TAMS 0x00000000e3c00000, 0x00000000e3c00000| Untracked 
|  61|0x00000000e3d00000, 0x00000000e3db6af0, 0x00000000e3e00000| 71%| E|  |TAMS 0x00000000e3d00000, 0x00000000e3d00000| Complete 
|  62|0x00000000e3e00000, 0x00000000e3f00000, 0x00000000e3f00000|100%| E|CS|TAMS 0x00000000e3e00000, 0x00000000e3e00000| Complete 
|  63|0x00000000e3f00000, 0x00000000e4000000, 0x00000000e4000000|100%| E|CS|TAMS 0x00000000e3f00000, 0x00000000e3f00000| Complete 

Card table byte_map: [0x000001dc64440000,0x000001dc64540000] _byte_map_base: 0x000001dc63d40000

Marking Bits (Prev, Next): (CMBitMap*) 0x000001dc4d961860, (CMBitMap*) 0x000001dc4d9618a0
 Prev Bits: [0x000001dc64640000, 0x000001dc64e40000)
 Next Bits: [0x000001dc64e40000, 0x000001dc65640000)

Polling page: 0x000001dc4b7f0000

Metaspace:

Usage:
  Non-class:      4.78 MB used.
      Class:    701.02 KB used.
       Both:      5.47 MB used.

Virtual space:
  Non-class space:       64.00 MB reserved,       4.88 MB (  8%) committed,  1 nodes.
      Class space:        1.00 GB reserved,     768.00 KB ( <1%) committed,  1 nodes.
             Both:        1.06 GB reserved,       5.63 MB ( <1%) committed. 

Chunk freelists:
   Non-Class:  10.30 MB
       Class:  15.08 MB
        Both:  25.38 MB

MaxMetaspaceSize: unlimited
CompressedClassSpaceSize: 1.00 GB
Initial GC threshold: 21.00 MB
Current GC threshold: 21.00 MB
CDS: on
MetaspaceReclaimPolicy: balanced
 - commit_granule_bytes: 65536.
 - commit_granule_words: 8192.
 - virtual_space_node_default_size: 8388608.
 - enlarge_chunks_in_place: 1.
 - new_chunks_are_fully_committed: 0.
 - uncommit_free_chunks: 1.
 - use_allocation_guard: 0.
 - handle_deallocations: 1.


Internal statistics:

num_allocs_failed_limit: 0.
num_arena_births: 80.
num_arena_deaths: 0.
num_vsnodes_births: 2.
num_vsnodes_deaths: 0.
num_space_committed: 90.
num_space_uncommitted: 0.
num_chunks_returned_to_freelist: 0.
num_chunks_taken_from_freelist: 201.
num_chunk_merges: 0.
num_chunk_splits: 128.
num_chunks_enlarged: 84.
num_inconsistent_stats: 0.

CodeHeap 'non-profiled nmethods': size=120000Kb used=291Kb max_used=291Kb free=119708Kb
 bounds [0x000001dc5cf10000, 0x000001dc5d180000, 0x000001dc64440000]
CodeHeap 'profiled nmethods': size=120000Kb used=1870Kb max_used=1870Kb free=118129Kb
 bounds [0x000001dc55440000, 0x000001dc556b0000, 0x000001dc5c970000]
CodeHeap 'non-nmethods': size=5760Kb used=1151Kb max_used=1166Kb free=4608Kb
 bounds [0x000001dc5c970000, 0x000001dc5cbe0000, 0x000001dc5cf10000]
 total_blobs=1412 nmethods=970 adapters=355
 compilation: enabled
              stopped_count=0, restarted_count=0
 full_count=0

Compilation events (20 events):
Event: 1.192 Thread 0x000001dc4d9fea10 nmethod 964 0x000001dc5560fc90 code [0x000001dc5560fe40, 0x000001dc55610048]
Event: 1.193 Thread 0x000001dc4d9fea10  965   !   3       java.io.WinNTFileSystem::isInvalid (78 bytes)
Event: 1.193 Thread 0x000001dc4d9fea10 nmethod 965 0x000001dc55610110 code [0x000001dc55610300, 0x000001dc55610738]
Event: 1.196 Thread 0x000001dc4d9fe050 nmethod 955 0x000001dc5cf57310 code [0x000001dc5cf574c0, 0x000001dc5cf57c18]
Event: 1.197 Thread 0x000001dc4d9fe050  963 %     4       java.lang.StringLatin1::indexOf @ 14 (121 bytes)
Event: 1.197 Thread 0x000001dc4d9fea10  966       3       java.lang.String::indexOf (64 bytes)
Event: 1.198 Thread 0x000001dc4d9fea10 nmethod 966 0x000001dc55610910 code [0x000001dc55610b20, 0x000001dc55610fe8]
Event: 1.200 Thread 0x000001dc4d9fea10  967       3       java.util.jar.JarFile::getVersionedEntry (133 bytes)
Event: 1.201 Thread 0x000001dc4d9fea10 nmethod 967 0x000001dc55611190 code [0x000001dc55611460, 0x000001dc55612238]
Event: 1.202 Thread 0x000001dc4d9fea10  968       3       java.lang.String::getChars (54 bytes)
Event: 1.203 Thread 0x000001dc4d9fea10 nmethod 968 0x000001dc55612810 code [0x000001dc55612a00, 0x000001dc55612e78]
Event: 1.203 Thread 0x000001dc4d9fea10  969       3       java.lang.StringLatin1::getChars (12 bytes)
Event: 1.203 Thread 0x000001dc4d9fe050 nmethod 963% 0x000001dc5cf58110 code [0x000001dc5cf582a0, 0x000001dc5cf58758]
Event: 1.203 Thread 0x000001dc4d9fea10 nmethod 969 0x000001dc55613090 code [0x000001dc55613220, 0x000001dc55613348]
Event: 1.203 Thread 0x000001dc4d9fea10  970       3       sun.net.www.protocol.file.Handler::parseURL (18 bytes)
Event: 1.203 Thread 0x000001dc4d9fe050  952       4       java.lang.String::startsWith (138 bytes)
Event: 1.203 Thread 0x000001dc4d9fea10 nmethod 970 0x000001dc55613410 code [0x000001dc556135c0, 0x000001dc55613778]
Event: 1.203 Thread 0x000001dc4d9fea10  971       3       java.net.URLStreamHandler::parseURL (1201 bytes)
Event: 1.207 Thread 0x000001dc4d9fe050 nmethod 952 0x000001dc5cf58990 code [0x000001dc5cf58b20, 0x000001dc5cf58dd8]
Event: 1.207 Thread 0x000001dc4d9fe050  972       4       java.lang.StringLatin1::indexOf (121 bytes)

GC Heap History (2 events):
Event: 1.048 GC heap before
{Heap before GC invocations=0 (full 0):
 garbage-first heap   total 65536K, used 12288K [0x00000000e0000000, 0x0000000100000000)
  region size 1024K, 13 young (13312K), 0 survivors (0K)
 Metaspace       used 4682K, committed 4864K, reserved 1114112K
  class space    used 595K, committed 704K, reserved 1048576K
}
Event: 1.052 GC heap after
{Heap after GC invocations=1 (full 0):
 garbage-first heap   total 65536K, used 4626K [0x00000000e0000000, 0x0000000100000000)
  region size 1024K, 2 young (2048K), 2 survivors (2048K)
 Metaspace       used 4682K, committed 4864K, reserved 1114112K
  class space    used 595K, committed 704K, reserved 1048576K
}

Dll operation events (8 events):
Event: 0.021 Loaded shared library C:\Users\trade\.jdks\corretto-17.0.8.1\bin\java.dll
Event: 0.099 Loaded shared library C:\Users\trade\.jdks\corretto-17.0.8.1\bin\jsvml.dll
Event: 0.172 Loaded shared library C:\Users\trade\.jdks\corretto-17.0.8.1\bin\net.dll
Event: 0.174 Loaded shared library C:\Users\trade\.jdks\corretto-17.0.8.1\bin\nio.dll
Event: 0.179 Loaded shared library C:\Users\trade\.jdks\corretto-17.0.8.1\bin\zip.dll
Event: 0.268 Loaded shared library C:\Users\trade\.jdks\corretto-17.0.8.1\bin\verify.dll
Event: 0.274 Loaded shared library C:\Users\trade\.jdks\corretto-17.0.8.1\bin\jimage.dll
Event: 0.950 Loaded shared library C:\Users\trade\.jdks\corretto-17.0.8.1\bin\sunmscapi.dll

Deoptimization events (20 events):
Event: 0.941 Thread 0x000001dc4d933650 DEOPT PACKING pc=0x000001dc5cf47e54 sp=0x0000005dc80fcb00
Event: 0.941 Thread 0x000001dc4d933650 DEOPT UNPACKING pc=0x000001dc5c9c69a3 sp=0x0000005dc80fca68 mode 2
Event: 0.941 Thread 0x000001dc4d933650 Uncommon trap: trap_request=0xffffffde fr.pc=0x000001dc5cf47e54 relative=0x0000000000000294
Event: 0.941 Thread 0x000001dc4d933650 Uncommon trap: reason=class_check action=maybe_recompile pc=0x000001dc5cf47e54 method=java.util.HashMap.getNode(Ljava/lang/Object;)Ljava/util/HashMap$Node; @ 128 c2
Event: 0.941 Thread 0x000001dc4d933650 DEOPT PACKING pc=0x000001dc5cf47e54 sp=0x0000005dc80fcb00
Event: 0.941 Thread 0x000001dc4d933650 DEOPT UNPACKING pc=0x000001dc5c9c69a3 sp=0x0000005dc80fca68 mode 2
Event: 0.941 Thread 0x000001dc4d933650 Uncommon trap: trap_request=0xffffffde fr.pc=0x000001dc5cf47e54 relative=0x0000000000000294
Event: 0.941 Thread 0x000001dc4d933650 Uncommon trap: reason=class_check action=maybe_recompile pc=0x000001dc5cf47e54 method=java.util.HashMap.getNode(Ljava/lang/Object;)Ljava/util/HashMap$Node; @ 128 c2
Event: 0.941 Thread 0x000001dc4d933650 DEOPT PACKING pc=0x000001dc5cf47e54 sp=0x0000005dc80fcb00
Event: 0.941 Thread 0x000001dc4d933650 DEOPT UNPACKING pc=0x000001dc5c9c69a3 sp=0x0000005dc80fca68 mode 2
Event: 1.169 Thread 0x000001dc4d933650 Uncommon trap: trap_request=0xffffff45 fr.pc=0x000001dc5cf4be80 relative=0x0000000000000de0
Event: 1.169 Thread 0x000001dc4d933650 Uncommon trap: reason=unstable_if action=reinterpret pc=0x000001dc5cf4be80 method=java.util.concurrent.ConcurrentHashMap.putVal(Ljava/lang/Object;Ljava/lang/Object;Z)Ljava/lang/Object; @ 231 c2
Event: 1.169 Thread 0x000001dc4d933650 DEOPT PACKING pc=0x000001dc5cf4be80 sp=0x0000005dc80fd350
Event: 1.169 Thread 0x000001dc4d933650 DEOPT UNPACKING pc=0x000001dc5c9c69a3 sp=0x0000005dc80fd2c0 mode 2
Event: 1.185 Thread 0x000001dc4d933650 DEOPT PACKING pc=0x000001dc554d3f5c sp=0x0000005dc80fc130
Event: 1.185 Thread 0x000001dc4d933650 DEOPT UNPACKING pc=0x000001dc5c9c7143 sp=0x0000005dc80fb5e0 mode 0
Event: 1.197 Thread 0x000001dc4d933650 DEOPT PACKING pc=0x000001dc55498d65 sp=0x0000005dc80f8010
Event: 1.197 Thread 0x000001dc4d933650 DEOPT UNPACKING pc=0x000001dc5c9c7143 sp=0x0000005dc80f7460 mode 0
Event: 1.202 Thread 0x000001dc4d933650 DEOPT PACKING pc=0x000001dc55498d65 sp=0x0000005dc80f7f90
Event: 1.202 Thread 0x000001dc4d933650 DEOPT UNPACKING pc=0x000001dc5c9c7143 sp=0x0000005dc80f73e0 mode 0

Classes unloaded (0 events):
No events

Classes redefined (0 events):
No events

Internal exceptions (12 events):
Event: 0.200 Thread 0x000001dc4d933650 Exception <a 'java/lang/NoSuchMethodError'{0x00000000e3e89368}: 'void java.lang.invoke.DirectMethodHandle$Holder.invokeInterface(java.lang.Object, java.lang.Object, java.lang.Object)'> (0x00000000e3e89368) 
thrown [s\src\hotspot\share\interpreter\linkResolver.cpp, line 759]
Event: 0.568 Thread 0x000001dc4d933650 Exception <a 'java/lang/NoSuchMethodError'{0x00000000e39cb080}: 'java.lang.Object java.lang.invoke.DirectMethodHandle$Holder.invokeVirtual(java.lang.Object, java.lang.Object, java.lang.Object, java.lang.Object, java.lang.Object, java.lang.Object, java.lang.Object)'> (0x00000000e39cb080) 
thrown [s\src\hotspot\share\interpreter\linkResolver.cpp, line 759]
Event: 0.571 Thread 0x000001dc4d933650 Exception <a 'java/lang/NoSuchMethodError'{0x00000000e39db838}: 'java.lang.Object java.lang.invoke.Invokers$Holder.invoker(java.lang.Object, java.lang.Object, java.lang.Object)'> (0x00000000e39db838) 
thrown [s\src\hotspot\share\interpreter\linkResolver.cpp, line 759]
Event: 0.573 Thread 0x000001dc4d933650 Exception <a 'java/lang/NoSuchMethodError'{0x00000000e39e48e0}: 'java.lang.Object java.lang.invoke.DirectMethodHandle$Holder.invokeStatic(java.lang.Object, java.lang.Object, int)'> (0x00000000e39e48e0) 
thrown [s\src\hotspot\share\interpreter\linkResolver.cpp, line 759]
Event: 0.574 Thread 0x000001dc4d933650 Exception <a 'java/lang/NoSuchMethodError'{0x00000000e39f0730}: 'void java.lang.invoke.DelegatingMethodHandle$Holder.delegate(java.lang.Object, java.lang.Object, int, java.lang.Object)'> (0x00000000e39f0730) 
thrown [s\src\hotspot\share\interpreter\linkResolver.cpp, line 759]
Event: 0.575 Thread 0x000001dc4d933650 Exception <a 'java/lang/NoSuchMethodError'{0x00000000e39f48e8}: 'int java.lang.invoke.DirectMethodHandle$Holder.invokeSpecial(java.lang.Object, java.lang.Object, java.lang.Object)'> (0x00000000e39f48e8) 
thrown [s\src\hotspot\share\interpreter\linkResolver.cpp, line 759]
Event: 0.579 Thread 0x000001dc4d933650 Exception <a 'java/lang/NoSuchMethodError'{0x00000000e38080f8}: 'java.lang.Object java.lang.invoke.Invokers$Holder.invokeExact_MT(java.lang.Object, java.lang.Object, java.lang.Object, java.lang.Object)'> (0x00000000e38080f8) 
thrown [s\src\hotspot\share\interpreter\linkResolver.cpp, line 759]
Event: 0.662 Thread 0x000001dc4d933650 Exception <a 'java/lang/NoSuchMethodError'{0x00000000e37d9348}: 'java.lang.Object java.lang.invoke.DirectMethodHandle$Holder.invokeStaticInit(java.lang.Object)'> (0x00000000e37d9348) 
thrown [s\src\hotspot\share\interpreter\linkResolver.cpp, line 759]
Event: 0.680 Thread 0x000001dc4d933650 Exception <a 'java/lang/NoSuchMethodError'{0x00000000e36166c8}: static Ljava/lang/Object;.<clinit>()V> (0x00000000e36166c8) 
thrown [s\src\hotspot\share\prims\jni.cpp, line 1107]
Event: 0.720 Thread 0x000001dc4d933650 Exception <a 'java/lang/NoSuchMethodError'{0x00000000e3674ea8}: static Lorg/gradle/api/internal/tasks/testing/testng/TestNGTestFramework$TestClassProcessorFactoryImpl;.<clinit>()V> (0x00000000e3674ea8) 
thrown [s\src\hotspot\share\prims\jni.cpp, line 1107]
Event: 0.925 Thread 0x000001dc4d933650 Exception <a 'java/lang/NoSuchMethodError'{0x00000000e34fcfa0}: 'java.lang.Object java.lang.invoke.DirectMethodHandle$Holder.invokeStaticInit(java.lang.Object, int, int, int, int)'> (0x00000000e34fcfa0) 
thrown [s\src\hotspot\share\interpreter\linkResolver.cpp, line 759]
Event: 1.128 Thread 0x000001dc4d933650 Exception <a 'java/lang/NoSuchMethodError'{0x00000000e3f722c0}: 'java.lang.Object java.lang.invoke.DirectMethodHandle$Holder.invokeStaticInit(java.lang.Object, java.lang.Object, int, int, int, int)'> (0x00000000e3f722c0) 
thrown [s\src\hotspot\share\interpreter\linkResolver.cpp, line 759]

VM Operations (14 events):
Event: 0.209 Executing VM operation: HandshakeAllThreads
Event: 0.209 Executing VM operation: HandshakeAllThreads done
Event: 0.550 Executing VM operation: HandshakeAllThreads
Event: 0.550 Executing VM operation: HandshakeAllThreads done
Event: 0.573 Executing VM operation: HandshakeAllThreads
Event: 0.573 Executing VM operation: HandshakeAllThreads done
Event: 0.583 Executing VM operation: HandshakeAllThreads
Event: 0.583 Executing VM operation: HandshakeAllThreads done
Event: 0.973 Executing VM operation: HandshakeAllThreads
Event: 0.973 Executing VM operation: HandshakeAllThreads done
Event: 1.020 Executing VM operation: G1CollectForAllocation
Event: 1.053 Executing VM operation: G1CollectForAllocation done
Event: 1.168 Executing VM operation: HandshakeAllThreads
Event: 1.168 Executing VM operation: HandshakeAllThreads done

Events (20 events):
Event: 1.206 loading class sun/security/provider/PolicyFile$1
Event: 1.206 loading class sun/security/provider/PolicyFile$1 done
Event: 1.206 loading class sun/security/provider/PolicyFile$PolicyInfo
Event: 1.206 loading class sun/security/provider/PolicyFile$PolicyInfo done
Event: 1.206 loading class jdk/internal/access/JavaSecurityAccess$ProtectionDomainCache
Event: 1.209 loading class jdk/internal/access/JavaSecurityAccess$ProtectionDomainCache done
Event: 1.209 loading class java/security/ProtectionDomain$JavaSecurityAccessImpl$1
Event: 1.209 loading class java/security/ProtectionDomain$JavaSecurityAccessImpl$1 done
Event: 1.209 loading class sun/security/provider/PolicyFile$2
Event: 1.209 loading class sun/security/provider/PolicyFile$2 done
Event: 1.209 loading class java/nio/file/attribute/FileAttribute
Event: 1.209 loading class java/nio/file/attribute/FileAttribute done
Event: 1.209 loading class sun/nio/fs/WindowsSecurityDescriptor
Event: 1.210 loading class sun/nio/fs/WindowsSecurityDescriptor done
Event: 1.210 loading class sun/nio/fs/WindowsChannelFactory
Event: 1.210 loading class sun/nio/fs/WindowsChannelFactory done
Event: 1.210 loading class sun/nio/fs/WindowsChannelFactory$1
Event: 1.211 loading class sun/nio/fs/WindowsChannelFactory$1 done
Event: 1.211 loading class sun/nio/fs/WindowsChannelFactory$Flags
Event: 1.211 loading class sun/nio/fs/WindowsChannelFactory$Flags done


Dynamic libraries:
0x00007ff6b4340000 - 0x00007ff6b434d000 	C:\Users\trade\.jdks\corretto-17.0.8.1\bin\java.exe
0x00007ff999690000 - 0x00007ff999888000 	C:\Windows\SYSTEM32\ntdll.dll
0x00007ff9986b0000 - 0x00007ff99876d000 	C:\Windows\System32\KERNEL32.DLL
0x00007ff996f70000 - 0x00007ff997266000 	C:\Windows\System32\KERNELBASE.dll
0x00007ff997270000 - 0x00007ff997370000 	C:\Windows\System32\ucrtbase.dll
0x00007ff9920d0000 - 0x00007ff9920e5000 	C:\Users\trade\.jdks\corretto-17.0.8.1\bin\VCRUNTIME140.dll
0x00007ff992120000 - 0x00007ff992137000 	C:\Users\trade\.jdks\corretto-17.0.8.1\bin\jli.dll
0x00007ff998b70000 - 0x00007ff998d0e000 	C:\Windows\System32\USER32.dll
0x00007ff997530000 - 0x00007ff997552000 	C:\Windows\System32\win32u.dll
0x00007ff97f9c0000 - 0x00007ff97fc5a000 	C:\Windows\WinSxS\amd64_microsoft.windows.common-controls_6595b64144ccf1df_6.0.19041.3636_none_60b6a03d71f818d5\COMCTL32.dll
0x00007ff998190000 - 0x00007ff9981bc000 	C:\Windows\System32\GDI32.dll
0x00007ff9975d0000 - 0x00007ff9976ea000 	C:\Windows\System32\gdi32full.dll
0x00007ff998a20000 - 0x00007ff998abe000 	C:\Windows\System32\msvcrt.dll
0x00007ff996ed0000 - 0x00007ff996f6d000 	C:\Windows\System32\msvcp_win.dll
0x00007ff9989f0000 - 0x00007ff998a20000 	C:\Windows\System32\IMM32.DLL
0x00007ff976840000 - 0x00007ff9768db000 	C:\Users\trade\.jdks\corretto-17.0.8.1\bin\msvcp140.dll
0x00007ff910b10000 - 0x00007ff91172d000 	C:\Users\trade\.jdks\corretto-17.0.8.1\bin\server\jvm.dll
0x00007ff998ac0000 - 0x00007ff998b6f000 	C:\Windows\System32\ADVAPI32.dll
0x00007ff998d90000 - 0x00007ff998e2c000 	C:\Windows\System32\sechost.dll
0x00007ff9988a0000 - 0x00007ff9989c6000 	C:\Windows\System32\RPCRT4.dll
0x00007ff986990000 - 0x00007ff986999000 	C:\Windows\SYSTEM32\WSOCK32.dll
0x00007ff98fed0000 - 0x00007ff98fef7000 	C:\Windows\SYSTEM32\WINMM.dll
0x00007ff98f3d0000 - 0x00007ff98f3da000 	C:\Windows\SYSTEM32\VERSION.dll
0x00007ff998d10000 - 0x00007ff998d7b000 	C:\Windows\System32\WS2_32.dll
0x00007ff9962d0000 - 0x00007ff99631b000 	C:\Windows\SYSTEM32\POWRPROF.dll
0x00007ff996190000 - 0x00007ff9961a2000 	C:\Windows\SYSTEM32\UMPDC.dll
0x00007ff994c50000 - 0x00007ff994c62000 	C:\Windows\SYSTEM32\kernel.appcore.dll
0x00007ff992a30000 - 0x00007ff992a3a000 	C:\Users\trade\.jdks\corretto-17.0.8.1\bin\jimage.dll
0x00007ff984880000 - 0x00007ff984a64000 	C:\Windows\SYSTEM32\DBGHELP.DLL
0x00007ff984840000 - 0x00007ff984874000 	C:\Windows\SYSTEM32\dbgcore.DLL
0x00007ff997470000 - 0x00007ff9974f2000 	C:\Windows\System32\bcryptPrimitives.dll
0x00007ff98a970000 - 0x00007ff98a995000 	C:\Users\trade\.jdks\corretto-17.0.8.1\bin\java.dll
0x00007ff9744c0000 - 0x00007ff974596000 	C:\Users\trade\.jdks\corretto-17.0.8.1\bin\jsvml.dll
0x00007ff998e30000 - 0x00007ff999574000 	C:\Windows\System32\SHELL32.dll
0x00007ff994e50000 - 0x00007ff9955eb000 	C:\Windows\SYSTEM32\windows.storage.dll
0x00007ff997da0000 - 0x00007ff9980f4000 	C:\Windows\System32\combase.dll
0x00007ff9967b0000 - 0x00007ff9967dd000 	C:\Windows\SYSTEM32\Wldp.dll
0x00007ff997bc0000 - 0x00007ff997c6d000 	C:\Windows\System32\SHCORE.dll
0x00007ff998840000 - 0x00007ff998895000 	C:\Windows\System32\shlwapi.dll
0x00007ff996ca0000 - 0x00007ff996cc5000 	C:\Windows\SYSTEM32\profapi.dll
0x00007ff98d5a0000 - 0x00007ff98d5b9000 	C:\Users\trade\.jdks\corretto-17.0.8.1\bin\net.dll
0x00007ff98fcc0000 - 0x00007ff98fdca000 	C:\Windows\SYSTEM32\WINHTTP.dll
0x00007ff996510000 - 0x00007ff99657a000 	C:\Windows\system32\mswsock.dll
0x00007ff98a950000 - 0x00007ff98a965000 	C:\Users\trade\.jdks\corretto-17.0.8.1\bin\nio.dll
0x00007ff98a930000 - 0x00007ff98a948000 	C:\Users\trade\.jdks\corretto-17.0.8.1\bin\zip.dll
0x00007ff98aa60000 - 0x00007ff98aa70000 	C:\Users\trade\.jdks\corretto-17.0.8.1\bin\verify.dll
0x00007ff98c000000 - 0x00007ff98c00e000 	C:\Users\trade\.jdks\corretto-17.0.8.1\bin\sunmscapi.dll
0x00007ff996d70000 - 0x00007ff996ecd000 	C:\Windows\System32\CRYPT32.dll
0x00007ff996820000 - 0x00007ff996847000 	C:\Windows\SYSTEM32\ncrypt.dll
0x00007ff9967e0000 - 0x00007ff99681b000 	C:\Windows\SYSTEM32\NTASN1.dll
0x00007ff98d3d0000 - 0x00007ff98d3d7000 	C:\Windows\system32\wshunix.dll
0x00007ff996710000 - 0x00007ff996728000 	C:\Windows\SYSTEM32\CRYPTSP.dll
0x00007ff995dc0000 - 0x00007ff995df4000 	C:\Windows\system32\rsaenh.dll
0x00007ff997500000 - 0x00007ff997527000 	C:\Windows\System32\bcrypt.dll
0x00007ff996c60000 - 0x00007ff996c8e000 	C:\Windows\SYSTEM32\USERENV.dll
0x00007ff996700000 - 0x00007ff99670c000 	C:\Windows\SYSTEM32\CRYPTBASE.dll
0x00007ff9961b0000 - 0x00007ff9961eb000 	C:\Windows\SYSTEM32\IPHLPAPI.DLL
0x00007ff998770000 - 0x00007ff998778000 	C:\Windows\System32\NSI.dll
0x00007ff990810000 - 0x00007ff990827000 	C:\Windows\SYSTEM32\dhcpcsvc6.DLL
0x00007ff991070000 - 0x00007ff99108d000 	C:\Windows\SYSTEM32\dhcpcsvc.DLL
0x00007ff996200000 - 0x00007ff9962ca000 	C:\Windows\SYSTEM32\DNSAPI.dll

dbghelp: loaded successfully - version: 4.0.5 - missing functions: none
symbol engine: initialized successfully - sym options: 0x614 - pdb path: .;C:\Users\trade\.jdks\corretto-17.0.8.1\bin;C:\Windows\SYSTEM32;C:\Windows\WinSxS\amd64_microsoft.windows.common-controls_6595b64144ccf1df_6.0.19041.3636_none_60b6a03d71f818d5;C:\Users\trade\.jdks\corretto-17.0.8.1\bin\server

VM Arguments:
jvm_args: -Dorg.gradle.internal.worker.tmpdir=C:\Users\trade\coding\java_univ\java_d_lab\build\tmp\test\work -Dorg.gradle.native=false --add-opens=java.base/java.util=ALL-UNNAMED --add-opens=java.base/java.lang=ALL-UNNAMED -Xmx512m -Dfile.encoding=windows-1252 -Duser.country=US -Duser.language=en -Duser.variant -ea 
java_command: worker.org.gradle.process.internal.worker.GradleWorkerMain 'Gradle Test Executor 1'
java_class_path (initial): C:\\Users\\trade\\.gradle\\caches\\7.4\\workerMain\\gradle-worker.jar;C:\\Users\\trade\\coding\\java_univ\\java_d_lab\\build\\classes\\java\\test;C:\\Users\\trade\\coding\\java_univ\\java_d_lab\\build\\classes\\java\\main;C:\\Users\\trade\\.gradle\\caches\\modules-2\\files-2.1\\ch.qos.logback\\logback-classic\\1.2.6\\b09efa852337fa0dd9859614389eec58dc287116\\logback-classic-1.2.6.jar;C:\\Users\\trade\\.gradle\\caches\\modules-2\\files-2.1\\com.fasterxml.jackson.dataformat\\jackson-dataformat-csv\\2.16.0\\b2c3ff7fcbb18873f2bcc67531e708c5e16ee5aa\\jackson-dataformat-csv-2.16.0.jar;C:\\Users\\trade\\.gradle\\caches\\modules-2\\files-2.1\\com.fasterxml.jackson.datatype\\jackson-datatype-jsr310\\2.16.0\\77e3a27823f795d928b897d8444744ddb044a5c3\\jackson-datatype-jsr310-2.16.0.jar;C:\\Users\\trade\\.gradle\\caches\\modules-2\\files-2.1\\com.fasterxml.jackson.core\\jackson-annotations\\2.16.0\\dc30995f7428c0a405eba9b8c619b20d2b3b9905\\jackson-annotations-2.16.0.jar;C:\\Users\\trade\\.gradle\\caches\\modules-2\\files-2.1\\com.fasterxml.jackson.core\\jackson-core\\2.16.0\\899e5cf01be55fbf094ad72b2edb0c5df99111ee\\jackson-core-2.16.0.jar;C:\\Users\\trade\\.gradle\\caches\\modules-2\\files-2.1\\com.fasterxml.jackson.dataformat\\jackson-dataformat-xml\\2.16.0\\f3cdb002e0f2f30ad9c5fd053d78b1a485511ab1\\jackson-dataformat-xml-2.16.0.jar;C:\\Users\\trade\\.gradle\\caches\\modules-2\\files-2.1\\com.fasterxml.jackson.core\\jackson-databind\\2.16.0\\3a6b7f8ff7b30d518bbd65678e9c30cd881f19a7\\jackson-databind-2.16.0.jar;C:\\Users\\trade\\.gradle\\caches\\modules-2\\files-2.1\\javax.validation\\validation-api\\2.0.1.Final\\cb855558e6271b1b32e716d24cb85c7f583ce09e\\validation-api-2.0.1.Final.jar;C:\\Users\\trade\\.gradle\\caches\\modules-2\\files-2.1\\org.glassfish\\javax.el\\3.0.0\\dd532526e7c8de48e40419e6af1183658a973379\\javax.el-3.0.0.jar;C:\\Users\\trade\\.gradle\\caches\\modules-2\\files-2.1\\org.hibernate.validator\\hibernate-validator\\8.0.1.Final\\e49
Launcher Type: SUN_STANDARD

[Global flags]
     intx CICompilerCount                          = 3                                         {product} {ergonomic}
     uint ConcGCThreads                            = 1                                         {product} {ergonomic}
     uint G1ConcRefinementThreads                  = 4                                         {product} {ergonomic}
   size_t G1HeapRegionSize                         = 1048576                                   {product} {ergonomic}
    uintx GCDrainStackTargetSize                   = 64                                        {product} {ergonomic}
   size_t InitialHeapSize                          = 67108864                                  {product} {ergonomic}
   size_t MarkStackSize                            = 4194304                                   {product} {ergonomic}
   size_t MaxHeapSize                              = 536870912                                 {product} {command line}
   size_t MaxNewSize                               = 321912832                                 {product} {ergonomic}
   size_t MinHeapDeltaBytes                        = 1048576                                   {product} {ergonomic}
   size_t MinHeapSize                              = 8388608                                   {product} {ergonomic}
    uintx NonNMethodCodeHeapSize                   = 5832780                                {pd product} {ergonomic}
    uintx NonProfiledCodeHeapSize                  = 122912730                              {pd product} {ergonomic}
    uintx ProfiledCodeHeapSize                     = 122912730                              {pd product} {ergonomic}
    uintx ReservedCodeCacheSize                    = 251658240                              {pd product} {ergonomic}
     bool SegmentedCodeCache                       = true                                      {product} {ergonomic}
   size_t SoftMaxHeapSize                          = 536870912                              {manageable} {ergonomic}
     bool UseCompressedClassPointers               = true                           {product lp64_product} {ergonomic}
     bool UseCompressedOops                        = true                           {product lp64_product} {ergonomic}
     bool UseG1GC                                  = true                                      {product} {ergonomic}
     bool UseLargePagesIndividualAllocation        = false                                  {pd product} {ergonomic}

Logging:
Log output configuration:
 #0: stdout all=warning uptime,level,tags
 #1: stderr all=off uptime,level,tags

Environment Variables:
PATH=C:\Program Files\Common Files\Oracle\Java\javapath;C:\Program Files (x86)\Common Files\Oracle\Java\javapath;C:\Windows\system32;C:\Windows;C:\Windows\System32\Wbem;C:\Windows\System32\WindowsPowerShell\v1.0\;C:\Windows\System32\OpenSSH\;C:\Program Files (x86)\Wolfram Research\WolframScript\;C:\Program Files\Git\cmd;C:\Program Files (x86)\Calibre2\;C:\Program Files\nodejs\;C:\Users\trade\AppData\Local\Programs\Python\Python311\Scripts\;C:\Users\trade\AppData\Local\Programs\Python\Python311\;C:\Users\trade\AppData\Local\Microsoft\WindowsApps;C:\Program Files\JetBrains\IntelliJ IDEA 2023.2.1\bin;;C:\Users\trade\AppData\Local\Programs\Microsoft VS Code\bin;C:\MinGW\bin;C:\Users\trade\AppData\Roaming\npm
USERNAME=trade
OS=Windows_NT
PROCESSOR_IDENTIFIER=Intel64 Family 6 Model 42 Stepping 7, GenuineIntel
TMP=C:\Users\trade\AppData\Local\Temp
TEMP=C:\Users\trade\AppData\Local\Temp



---------------  S Y S T E M  ---------------

OS:
 Windows 10 , 64 bit Build 19041 (10.0.19041.3636)
OS uptime: 20 days 3:08 hours

CPU: total 4 (initial active 4) (4 cores per cpu, 1 threads per core) family 6 model 42 stepping 7 microcode 0x2f, cx8, cmov, fxsr, mmx, sse, sse2, sse3, ssse3, sse4.1, sse4.2, popcnt, tsc, tscinvbit, avx, aes, clmul, vzeroupper, clflush
Processor Information for all 4 processors :
  Max Mhz: 3301, Current Mhz: 3301, Mhz Limit: 3301

Memory: 4k page, system-wide physical 4060M (206M free)
TotalPageFile size 16348M (AvailPageFile size 0M)
current process WorkingSet (physical memory assigned to process): 66M, peak: 66M
current process commit charge ("private bytes"): 147M, peak: 147M

vm_info: OpenJDK 64-Bit Server VM (17.0.8.1+8-LTS) for windows-amd64 JRE (17.0.8.1+8-LTS), built on Aug 19 2023 03:47:39 by "Administrator" with MS VC++ 15.9 (VS2017)

END.
